<?xml version="1.0" encoding="UTF-8"?>
<!-- Generated by org.testng.reporters.JUnitReportReporter -->
<testsuite skipped="0" hostname="TYSS-4F-081" name="scripts.TestAddToCart" tests="1" failures="0" timestamp="15 Oct 2018 10:32:29 GMT" time="102.137" errors="0">
  <testcase name="TestAddtoCart" time="102.137" classname="scripts.TestAddToCart"/>
</testsuite> <!-- scripts.TestAddToCart -->
