<?xml version="1.0" encoding="UTF-8"?>
<!-- Generated by org.testng.reporters.JUnitReportReporter -->
<testsuite skipped="0" hostname="TYSS-4F-081" name="scripts.TestRemoveFromWishList" tests="1" failures="0" timestamp="15 Oct 2018 10:43:48 GMT" time="50.019" errors="0">
  <testcase name="TestRemoveFromWishList" time="50.019" classname="scripts.TestRemoveFromWishList"/>
</testsuite> <!-- scripts.TestRemoveFromWishList -->
