<?xml version="1.0" encoding="UTF-8"?>
<!-- Generated by org.testng.reporters.JUnitReportReporter -->
<testsuite skipped="0" hostname="TYSS-4F-081" name="scripts.TestLogin" tests="1" failures="0" timestamp="15 Oct 2018 10:13:01 GMT" time="40.935" errors="0">
  <testcase name="TestLoginIn" time="40.935" classname="scripts.TestLogin"/>
</testsuite> <!-- scripts.TestLogin -->
