<?xml version="1.0" encoding="UTF-8"?>
<!-- Generated by org.testng.reporters.JUnitReportReporter -->
<testsuite skipped="0" hostname="TYSS-4F-081" name="scripts.RemoveFromCompare" tests="1" failures="0" timestamp="15 Oct 2018 11:45:00 GMT" time="54.869" errors="0">
  <testcase name="RemoveFromCompare" time="54.869" classname="scripts.RemoveFromCompare"/>
</testsuite> <!-- scripts.RemoveFromCompare -->
