<?xml version="1.0" encoding="UTF-8"?>
<!-- Generated by org.testng.reporters.JUnitReportReporter -->
<testsuite skipped="2" hostname="TYSS-4F-081" name="scripts.TestHome" tests="2" failures="0" timestamp="15 Oct 2018 09:05:25 GMT" time="0.000" errors="0">
  <testcase name="TestSignUp" time="0.000" classname="scripts.TestHome">
    <skipped/>
  </testcase> <!-- TestSignUp -->
  <testcase name="TestHomePage" time="0.000" classname="scripts.TestHome">
    <skipped/>
  </testcase> <!-- TestHomePage -->
</testsuite> <!-- scripts.TestHome -->
