<?xml version="1.0" encoding="UTF-8"?>
<!-- Generated by org.testng.reporters.JUnitReportReporter -->
<testsuite skipped="0" hostname="TYSS-4F-081" name="scripts.RemoveFromCart" tests="1" failures="0" timestamp="15 Oct 2018 11:00:22 GMT" time="85.631" errors="0">
  <testcase name="RemoveFromCart" time="85.631" classname="scripts.RemoveFromCart"/>
</testsuite> <!-- scripts.RemoveFromCart -->
