<?xml version="1.0" encoding="UTF-8"?>
<!-- Generated by org.testng.reporters.JUnitReportReporter -->
<testsuite skipped="0" hostname="TYSS-4F-081" name="scripts.TestToCompare" tests="1" failures="0" timestamp="16 Oct 2018 04:16:50 GMT" time="54.724" errors="0">
  <testcase name="TestCompare" time="54.724" classname="scripts.TestToCompare"/>
</testsuite> <!-- scripts.TestToCompare -->
