<?xml version="1.0" encoding="UTF-8"?>
<!-- Generated by org.testng.reporters.JUnitReportReporter -->
<testsuite skipped="0" hostname="TYSS-4F-081" name="scripts.TestHome" tests="1" failures="0" timestamp="18 Oct 2018 10:32:51 GMT" time="96.178" errors="0">
  <testcase name="TestHomePage" time="96.178" classname="scripts.TestHome"/>
</testsuite> <!-- scripts.TestHome -->
