<?xml version="1.0" encoding="UTF-8"?>
<!-- Generated by org.testng.reporters.JUnitReportReporter -->
<testsuite skipped="1" hostname="TYSS-4F-081" name="scripts.TestToCompare" tests="1" failures="0" timestamp="15 Oct 2018 09:05:25 GMT" time="0.000" errors="0">
  <testcase name="TestCompare" time="0.000" classname="scripts.TestToCompare">
    <skipped/>
  </testcase> <!-- TestCompare -->
</testsuite> <!-- scripts.TestToCompare -->
