<?xml version="1.0" encoding="UTF-8"?>
<!-- Generated by org.testng.reporters.JUnitReportReporter -->
<testsuite skipped="0" hostname="TYSS-4F-081" name="scripts.TestHome" tests="1" failures="0" timestamp="12 Oct 2018 11:38:01 GMT" time="48.216" errors="0">
  <testcase name="TestCompare" time="48.216" classname="scripts.TestHome"/>
</testsuite> <!-- scripts.TestHome -->
