<?xml version="1.0" encoding="UTF-8"?>
<!-- Generated by org.testng.reporters.JUnitReportReporter -->
<testsuite skipped="0" hostname="TYSS-4F-081" name="scripts.TestAddtoWishList" tests="1" failures="0" timestamp="15 Oct 2018 10:34:03 GMT" time="50.245" errors="0">
  <testcase name="TestAddToWishlist" time="50.245" classname="scripts.TestAddtoWishList"/>
</testsuite> <!-- scripts.TestAddtoWishList -->
