<?xml version="1.0" encoding="UTF-8"?>
<!-- Generated by org.testng.reporters.JUnitReportReporter -->
<testsuite skipped="0" hostname="TYSS-4F-081" name="scripts.TestToCompare" tests="1" failures="0" timestamp="18 Oct 2018 09:23:30 GMT" time="57.704" errors="0">
  <testcase name="TestCompare" time="57.704" classname="scripts.TestToCompare"/>
</testsuite> <!-- scripts.TestToCompare -->
