<?xml version="1.0" encoding="UTF-8"?>
<!-- Generated by org.testng.reporters.JUnitReportReporter -->
<testsuite skipped="0" hostname="TYSS-4F-081" name="scripts.Search" tests="1" failures="0" timestamp="16 Oct 2018 08:36:45 GMT" time="68.047" errors="0">
  <testcase name="SearchProduct" time="68.047" classname="scripts.Search"/>
</testsuite> <!-- scripts.Search -->
